<?xml version="1.0" encoding="UTF-8"?>
<coverage generated="1695731744681" clover="3.2.0">
  <project timestamp="1695731744681" name="All files">
    <metrics statements="31" coveredstatements="27" conditionals="5" coveredconditionals="5" methods="8" coveredmethods="5" elements="44" coveredelements="37" complexity="0" loc="31" ncloc="31" packages="4" files="4" classes="4"/>
    <package name="easy.concatenation-array">
      <metrics statements="10" coveredstatements="9" conditionals="1" coveredconditionals="1" methods="2" coveredmethods="1"/>
      <file name="concatenation-array.ts" path="/Users/bogdan/Desktop/projects/active/practice-problems/src/problems/easy/concatenation-array/concatenation-array.ts">
        <metrics statements="10" coveredstatements="9" conditionals="1" coveredconditionals="1" methods="2" coveredmethods="1"/>
        <line num="1" count="1" type="stmt"/>
        <line num="2" count="0" type="stmt"/>
        <line num="5" count="1" type="stmt"/>
        <line num="6" count="3" type="stmt"/>
        <line num="7" count="3" type="stmt"/>
        <line num="8" count="3" type="stmt"/>
        <line num="9" count="14" type="cond" truecount="1" falsecount="0"/>
        <line num="10" count="2" type="stmt"/>
        <line num="12" count="14" type="stmt"/>
        <line num="14" count="3" type="stmt"/>
      </file>
    </package>
    <package name="easy.contains-duplicate">
      <metrics statements="11" coveredstatements="8" conditionals="2" coveredconditionals="2" methods="3" coveredmethods="1"/>
      <file name="contains-duplicate.ts" path="/Users/bogdan/Desktop/projects/active/practice-problems/src/problems/easy/contains-duplicate/contains-duplicate.ts">
        <metrics statements="11" coveredstatements="8" conditionals="2" coveredconditionals="2" methods="3" coveredmethods="1"/>
        <line num="1" count="1" type="stmt"/>
        <line num="2" count="4" type="stmt"/>
        <line num="3" count="4" type="stmt"/>
        <line num="4" count="10" type="cond" truecount="2" falsecount="0"/>
        <line num="5" count="2" type="stmt"/>
        <line num="8" count="8" type="stmt"/>
        <line num="11" count="2" type="stmt"/>
        <line num="14" count="1" type="stmt"/>
        <line num="15" count="0" type="stmt"/>
        <line num="16" count="0" type="stmt"/>
        <line num="17" count="0" type="stmt"/>
      </file>
    </package>
    <package name="easy.valid-anagram">
      <metrics statements="2" coveredstatements="2" conditionals="0" coveredconditionals="0" methods="1" coveredmethods="1"/>
      <file name="valid-anagram.ts" path="/Users/bogdan/Desktop/projects/active/practice-problems/src/problems/easy/valid-anagram/valid-anagram.ts">
        <metrics statements="2" coveredstatements="2" conditionals="0" coveredconditionals="0" methods="1" coveredmethods="1"/>
        <line num="1" count="1" type="stmt"/>
        <line num="2" count="3" type="stmt"/>
      </file>
    </package>
    <package name="medium.group-anagrams">
      <metrics statements="8" coveredstatements="8" conditionals="2" coveredconditionals="2" methods="2" coveredmethods="2"/>
      <file name="group-anagrams.ts" path="/Users/bogdan/Desktop/projects/active/practice-problems/src/problems/medium/group-anagrams/group-anagrams.ts">
        <metrics statements="8" coveredstatements="8" conditionals="2" coveredconditionals="2" methods="2" coveredmethods="2"/>
        <line num="1" count="1" type="stmt"/>
        <line num="2" count="3" type="stmt"/>
        <line num="4" count="8" type="stmt"/>
        <line num="6" count="3" type="stmt"/>
        <line num="7" count="8" type="stmt"/>
        <line num="8" count="8" type="cond" truecount="2" falsecount="0"/>
        <line num="11" count="3" type="stmt"/>
        <line num="12" count="3" type="stmt"/>
      </file>
    </package>
  </project>
</coverage>
