{"/Users/bogdan/Desktop/projects/active/practice-problems/src/problems/easy/minimum-difference/minimum-difference.ts": {"path":"/Users/bogdan/Desktop/projects/active/practice-problems/src/problems/easy/minimum-difference/minimum-difference.ts","statementMap":{"0":{"start":{"line":5,"column":33},"end":{"line":20,"column":1}},"1":{"start":{"line":6,"column":1},"end":{"line":8,"column":null}},"2":{"start":{"line":7,"column":2},"end":{"line":7,"column":null}},"3":{"start":{"line":9,"column":20},"end":{"line":9,"column":46}},"4":{"start":{"line":9,"column":40},"end":{"line":9,"column":45}},"5":{"start":{"line":10,"column":13},"end":{"line":10,"column":14}},"6":{"start":{"line":10,"column":22},"end":{"line":10,"column":27}},"7":{"start":{"line":10,"column":39},"end":{"line":10,"column":47}},"8":{"start":{"line":11,"column":1},"end":{"line":18,"column":null}},"9":{"start":{"line":12,"column":15},"end":{"line":12,"column":50}},"10":{"start":{"line":13,"column":2},"end":{"line":15,"column":null}},"11":{"start":{"line":14,"column":3},"end":{"line":14,"column":null}},"12":{"start":{"line":16,"column":2},"end":{"line":16,"column":null}},"13":{"start":{"line":17,"column":2},"end":{"line":17,"column":null}},"14":{"start":{"line":19,"column":1},"end":{"line":19,"column":null}},"15":{"start":{"line":5,"column":13},"end":{"line":5,"column":33}}},"fnMap":{"0":{"name":"(anonymous_0)","decl":{"start":{"line":5,"column":33},"end":{"line":5,"column":34}},"loc":{"start":{"line":5,"column":71},"end":{"line":20,"column":1}}},"1":{"name":"(anonymous_1)","decl":{"start":{"line":9,"column":30},"end":{"line":9,"column":31}},"loc":{"start":{"line":9,"column":40},"end":{"line":9,"column":45}}}},"branchMap":{"0":{"loc":{"start":{"line":6,"column":1},"end":{"line":8,"column":null}},"type":"if","locations":[{"start":{"line":6,"column":1},"end":{"line":8,"column":null}}]},"1":{"loc":{"start":{"line":13,"column":2},"end":{"line":15,"column":null}},"type":"if","locations":[{"start":{"line":13,"column":2},"end":{"line":15,"column":null}}]}},"s":{"0":1,"1":2,"2":1,"3":1,"4":5,"5":1,"6":1,"7":1,"8":1,"9":3,"10":3,"11":1,"12":3,"13":3,"14":1,"15":1},"f":{"0":2,"1":5},"b":{"0":[1],"1":[1]}}
}
