{"/Users/bogdan/Desktop/projects/active/practice-problems/src/problems/easy/disappeared-numbers/disappeared-numbers.ts": {"path":"/Users/bogdan/Desktop/projects/active/practice-problems/src/problems/easy/disappeared-numbers/disappeared-numbers.ts","statementMap":{"0":{"start":{"line":3,"column":38},"end":{"line":12,"column":1}},"1":{"start":{"line":4,"column":13},"end":{"line":4,"column":26}},"2":{"start":{"line":5,"column":14},"end":{"line":5,"column":16}},"3":{"start":{"line":6,"column":1},"end":{"line":10,"column":null}},"4":{"start":{"line":6,"column":14},"end":{"line":6,"column":15}},"5":{"start":{"line":7,"column":2},"end":{"line":9,"column":null}},"6":{"start":{"line":8,"column":3},"end":{"line":8,"column":null}},"7":{"start":{"line":11,"column":1},"end":{"line":11,"column":null}},"8":{"start":{"line":3,"column":13},"end":{"line":3,"column":38}}},"fnMap":{"0":{"name":"(anonymous_0)","decl":{"start":{"line":3,"column":38},"end":{"line":3,"column":39}},"loc":{"start":{"line":3,"column":67},"end":{"line":12,"column":1}}}},"branchMap":{"0":{"loc":{"start":{"line":7,"column":2},"end":{"line":9,"column":null}},"type":"if","locations":[{"start":{"line":7,"column":2},"end":{"line":9,"column":null}}]}},"s":{"0":1,"1":2,"2":2,"3":2,"4":2,"5":10,"6":3,"7":2,"8":1},"f":{"0":2},"b":{"0":[3]}}
}
