TN:
SF:src/problems/easy/array-transformation/filter.ts
FN:10,(anonymous_0)
FNF:1
FNH:1
FNDA:3,(anonymous_0)
DA:10,1
DA:11,3
DA:12,3
DA:13,12
DA:14,7
DA:17,3
LF:6
LH:6
BRDA:13,0,0,7
BRF:1
BRH:1
end_of_record
TN:
SF:src/problems/easy/array-transformation/map.ts
FN:5,(anonymous_0)
FNF:1
FNH:1
FNDA:3,(anonymous_0)
DA:5,1
DA:6,3
DA:7,9
DA:9,3
LF:4
LH:4
BRF:0
BRH:0
end_of_record
TN:
SF:src/problems/easy/array-transformation/reduce.ts
FN:8,(anonymous_0)
FNF:1
FNH:1
FNDA:3,(anonymous_0)
DA:8,1
DA:9,3
DA:10,8
DA:12,3
LF:4
LH:4
BRF:0
BRH:0
end_of_record
