TN:
SF:src/problems/easy/concatenation-array/concatenation-array.ts
FN:5,(anonymous_0)
FN:9,(anonymous_1)
FNF:2
FNH:1
FNDA:3,(anonymous_0)
FNDA:0,(anonymous_1)
DA:5,1
DA:6,3
DA:9,1
DA:10,0
DA:11,0
DA:12,0
DA:13,0
DA:14,0
DA:16,0
DA:18,0
LF:10
LH:3
BRDA:13,0,0,0
BRF:1
BRH:0
end_of_record
TN:
SF:src/problems/easy/contains-duplicate/contains-duplicate.ts
FN:3,(anonymous_0)
FN:16,(anonymous_1)
FN:18,(anonymous_2)
FNF:3
FNH:1
FNDA:4,(anonymous_0)
FNDA:0,(anonymous_1)
FNDA:0,(anonymous_2)
DA:3,1
DA:4,4
DA:5,4
DA:6,10
DA:7,2
DA:10,8
DA:13,2
DA:16,1
DA:17,0
DA:18,0
DA:19,0
LF:11
LH:8
BRDA:6,0,0,2
BRDA:6,0,1,8
BRF:2
BRH:2
end_of_record
TN:
SF:src/problems/easy/is-subsequence/is-subsequence.ts
FN:4,(anonymous_0)
FNF:1
FNH:1
FNDA:2,(anonymous_0)
DA:4,1
DA:5,2
DA:6,2
DA:7,12
DA:8,4
DA:11,2
LF:6
LH:6
BRDA:7,0,0,4
BRF:1
BRH:1
end_of_record
TN:
SF:src/problems/easy/length-of-last-word/length-of-last-word.ts
FN:4,(anonymous_0)
FNF:1
FNH:1
FNDA:4,(anonymous_0)
DA:4,1
DA:5,4
DA:6,4
DA:7,4
DA:8,20
DA:9,5
DA:10,2
DA:13,3
DA:17,15
DA:21,4
LF:10
LH:10
BRDA:8,0,0,5
BRDA:8,0,1,15
BRDA:9,1,0,2
BRDA:9,1,1,3
BRF:4
BRH:4
end_of_record
TN:
SF:src/problems/easy/longest-prefix/longest-prefix.ts
FN:4,(anonymous_0)
FN:7,(anonymous_1)
FNF:2
FNH:2
FNDA:2,(anonymous_0)
FNDA:11,(anonymous_1)
DA:4,1
DA:5,2
DA:6,2
DA:7,11
DA:8,2
DA:11,2
DA:15,2
LF:7
LH:7
BRDA:7,0,0,2
BRDA:7,0,1,2
BRF:2
BRH:2
end_of_record
TN:
SF:src/problems/easy/pascal-triangle/pascal-triangle.ts
FN:4,(anonymous_0)
FNF:1
FNH:1
FNDA:2,(anonymous_0)
DA:4,1
DA:5,2
DA:6,2
DA:7,6
DA:8,6
DA:9,16
DA:10,10
DA:13,6
DA:17,2
LF:9
LH:9
BRDA:9,0,0,10
BRDA:9,0,1,6
BRDA:9,1,0,16
BRDA:9,1,1,10
BRF:4
BRH:4
end_of_record
TN:
SF:src/problems/easy/remove-element/remove-element.ts
FN:6,(anonymous_0)
FNF:1
FNH:1
FNDA:2,(anonymous_0)
DA:6,1
DA:7,2
DA:8,12
DA:9,5
DA:10,5
DA:13,2
LF:6
LH:6
BRDA:8,0,0,5
BRF:1
BRH:1
end_of_record
TN:
SF:src/problems/easy/replace-elements/replace-elements.ts
FN:4,(anonymous_0)
FNF:1
FNH:1
FNDA:3,(anonymous_0)
DA:4,1
DA:5,3
DA:6,1
DA:8,2
DA:9,2
DA:10,2
DA:11,5
DA:12,5
DA:13,5
DA:14,2
DA:17,2
LF:11
LH:11
BRDA:5,0,0,1
BRDA:13,1,0,2
BRF:2
BRH:2
end_of_record
TN:
SF:src/problems/easy/two-sum/two-sum.ts
FN:5,(anonymous_0)
FNF:1
FNH:1
FNDA:3,(anonymous_0)
DA:5,1
DA:6,3
DA:7,3
DA:8,7
DA:9,3
DA:12,4
DA:15,0
LF:7
LH:6
BRDA:8,0,0,3
BRDA:8,0,1,4
BRF:2
BRH:2
end_of_record
TN:
SF:src/problems/easy/unique-email-addresses/unique-email-addresses.ts
FN:10,(anonymous_0)
FNF:1
FNH:1
FNDA:2,(anonymous_0)
DA:10,1
DA:11,2
DA:12,2
DA:13,6
DA:14,6
DA:15,6
DA:16,6
DA:18,2
LF:8
LH:8
BRF:0
BRH:0
end_of_record
TN:
SF:src/problems/easy/valid-anagram/valid-anagram.ts
FN:4,(anonymous_0)
FNF:1
FNH:1
FNDA:3,(anonymous_0)
DA:4,1
DA:5,3
LF:2
LH:2
BRF:0
BRH:0
end_of_record
TN:
SF:src/problems/medium/group-anagrams/group-anagrams.ts
FN:4,(anonymous_0)
FN:7,(anonymous_1)
FNF:2
FNH:2
FNDA:3,(anonymous_0)
FNDA:8,(anonymous_1)
DA:4,1
DA:5,3
DA:7,8
DA:9,3
DA:10,8
DA:11,8
DA:14,3
LF:7
LH:7
BRDA:11,0,0,8
BRDA:11,0,1,5
BRF:2
BRH:2
end_of_record
